<?xml version="1.0" encoding="UTF-8"?>
<testsuite xmlns:xsi="http://www.w3.org/2001/XMLSchema-instance" xsi:noNamespaceSchemaLocation="https://maven.apache.org/surefire/maven-surefire-plugin/xsd/surefire-test-report-3.0.xsd" version="3.0" name="se.kth.iv1350.pointofsale.integration.ExternalInventorySystemTest" time="0.05" tests="6" errors="0" skipped="0" failures="0">
  <properties>
[...]
</properties>
  <testcase name="testGetItemDescriptionInvalidIDThrowsItemNotFoundException" classname="se.kth.iv1350.pointofsale.integration.ExternalInventorySystemTest" time="0.003"/>
  <testcase name="testDbFailIDThrowsDatabaseFailureException" classname="se.kth.iv1350.pointofsale.integration.ExternalInventorySystemTest" time="0.002"/>
  <testcase name="testUpdateInventoryMultipleItems" classname="se.kth.iv1350.pointofsale.integration.ExternalInventorySystemTest" time="0.005"/>
  <testcase name="testUpdateInventoryWithItemNotInInventory" classname="se.kth.iv1350.pointofsale.integration.ExternalInventorySystemTest" time="0.002"/>
  <testcase name="testGetItemDescriptionValidID" classname="se.kth.iv1350.pointofsale.integration.ExternalInventorySystemTest" time="0.022"/>
  <testcase name="testUpdateInventoryDecreasesQuantity" classname="se.kth.iv1350.pointofsale.integration.ExternalInventorySystemTest" time="0.001"/>
</testsuite>